TN:
SF:src/main/js/index.js
FN:7,copy
FN:29,_copy.debug
FN:36,parseArgs
FN:55,unpackArchive
FN:61,gitFetch
FN:77,getGitConfig
FN:79,gitPush
FN:103,download
FNF:8
FNH:7
FNDA:10,copy
FNDA:0,_copy.debug
FNDA:14,parseArgs
FNDA:2,unpackArchive
FNDA:3,gitFetch
FNDA:2,getGitConfig
FNDA:1,gitPush
FNDA:1,download
DA:1,1
DA:2,1
DA:3,1
DA:4,1
DA:5,1
DA:6,1
DA:7,1
DA:8,10
DA:9,10
DA:10,10
DA:11,10
DA:12,10
DA:13,10
DA:14,10
DA:15,10
DA:16,10
DA:17,7
DA:18,10
DA:19,7
DA:20,10
DA:21,7
DA:22,10
DA:23,7
DA:24,7
DA:25,7
DA:26,7
DA:27,7
DA:28,7
DA:29,10
DA:30,10
DA:31,10
DA:32,7
DA:33,10
DA:34,10
DA:35,1
DA:36,1
DA:37,14
DA:38,14
DA:39,14
DA:40,14
DA:41,14
DA:42,14
DA:43,14
DA:44,10
DA:45,14
DA:46,9
DA:47,9
DA:48,9
DA:49,9
DA:50,14
DA:51,8
DA:52,8
DA:53,14
DA:54,1
DA:55,1
DA:56,2
DA:57,2
DA:58,2
DA:59,2
DA:60,1
DA:61,1
DA:62,3
DA:63,3
DA:64,3
DA:65,3
DA:66,3
DA:67,3
DA:68,3
DA:69,3
DA:70,1
DA:71,1
DA:72,1
DA:73,1
DA:74,1
DA:75,3
DA:76,1
DA:77,1
DA:78,1
DA:79,1
DA:80,1
DA:81,1
DA:82,1
DA:83,1
DA:84,1
DA:85,1
DA:86,1
DA:87,1
DA:88,1
DA:89,1
DA:90,1
DA:91,1
DA:92,1
DA:93,1
DA:94,1
DA:95,1
DA:96,0
DA:97,0
DA:98,0
DA:99,1
DA:100,1
DA:101,1
DA:102,1
DA:103,1
DA:104,1
DA:105,1
DA:106,1
DA:107,1
DA:108,1
DA:109,1
DA:110,1
DA:111,1
DA:112,1
DA:113,1
DA:114,1
DA:115,1
DA:116,1
DA:117,1
DA:118,1
DA:119,1
DA:120,1
DA:121,1
DA:122,1
DA:123,1
LF:123
LH:120
BRDA:1,0,0,1
BRDA:7,1,0,10
BRDA:16,2,0,1
BRDA:17,3,0,7
BRDA:18,4,0,2
BRDA:19,5,0,7
BRDA:20,6,0,2
BRDA:21,7,0,7
BRDA:22,8,0,1
BRDA:23,9,0,7
BRDA:29,10,0,0
BRDA:29,11,0,7
BRDA:32,12,0,7
BRDA:33,13,0,1
BRDA:36,14,0,14
BRDA:43,15,0,4
BRDA:43,16,0,4
BRDA:43,17,0,4
BRDA:44,18,0,10
BRDA:45,19,0,9
BRDA:45,20,0,1
BRDA:46,21,0,9
BRDA:50,22,0,1
BRDA:51,23,0,8
BRDA:55,24,0,2
BRDA:56,25,0,1
BRDA:61,26,0,3
BRDA:69,27,0,2
BRDA:69,28,0,1
BRDA:70,29,0,0
BRDA:77,30,0,2
BRDA:79,31,0,1
BRDA:95,32,0,0
BRDA:101,33,0,0
BRDA:103,34,0,1
BRDA:107,35,0,0
BRDA:113,36,0,0
BRF:37
BRH:31
end_of_record
TN:
SF:src/main/js/parse.js
FN:3,parse
FN:8,parseGitRef
FN:26,parseArchiveRef
FN:44,parseLocalRef
FNF:4
FNH:4
FNDA:29,parse
FNDA:29,parseGitRef
FNDA:20,parseArchiveRef
FNDA:14,parseLocalRef
DA:1,1
DA:2,1
DA:3,1
DA:4,29
DA:5,29
DA:6,14
DA:7,1
DA:8,1
DA:9,29
DA:10,29
DA:11,29
DA:12,9
DA:13,9
DA:14,9
DA:15,9
DA:16,9
DA:17,9
DA:18,9
DA:19,9
DA:20,9
DA:21,9
DA:22,9
DA:23,9
DA:24,29
DA:25,1
DA:26,1
DA:27,20
DA:28,20
DA:29,20
DA:30,20
DA:31,20
DA:32,6
DA:33,6
DA:34,6
DA:35,20
DA:36,20
DA:37,20
DA:38,20
DA:39,20
DA:40,20
DA:41,20
DA:42,20
DA:43,1
DA:44,1
DA:45,14
DA:46,14
DA:47,14
DA:48,14
DA:49,14
LF:49
LH:49
BRDA:1,0,0,1
BRDA:3,1,0,29
BRDA:4,2,0,20
BRDA:5,3,0,14
BRDA:8,4,0,29
BRDA:11,5,0,9
BRDA:26,6,0,20
BRDA:28,7,0,14
BRDA:29,8,0,2
BRDA:29,9,0,18
BRDA:31,10,0,14
BRDA:32,11,0,6
BRDA:35,12,0,4
BRDA:35,13,0,4
BRDA:35,14,0,2
BRDA:44,15,0,14
BRDA:46,16,0,2
BRDA:46,17,0,12
BRF:18
BRH:18
end_of_record
