TN:
SF:src/main/js/index.js
FN:7,copy
FN:35,_copy.debug
FN:42,unpackArchive
FN:48,gitFetch
FN:60,gitPush
FN:79,download
FNF:6
FNH:6
FNDA:14,copy
FNDA:21,_copy.debug
FNDA:2,unpackArchive
FNDA:3,gitFetch
FNDA:1,gitPush
FNDA:1,download
DA:1,1
DA:2,1
DA:3,1
DA:4,1
DA:5,1
DA:6,1
DA:7,1
DA:8,14
DA:9,14
DA:10,14
DA:11,14
DA:12,14
DA:13,14
DA:14,14
DA:15,14
DA:16,9
DA:17,9
DA:18,9
DA:19,9
DA:20,14
DA:21,8
DA:22,14
DA:23,7
DA:24,14
DA:25,7
DA:26,14
DA:27,7
DA:28,14
DA:29,7
DA:30,7
DA:31,7
DA:32,7
DA:33,7
DA:34,7
DA:35,14
DA:36,14
DA:37,14
DA:38,7
DA:39,14
DA:40,14
DA:41,1
DA:42,1
DA:43,2
DA:44,2
DA:45,2
DA:46,2
DA:47,1
DA:48,1
DA:49,3
DA:50,3
DA:51,3
DA:52,3
DA:53,1
DA:54,1
DA:55,1
DA:56,1
DA:57,1
DA:58,3
DA:59,1
DA:60,1
DA:61,1
DA:62,1
DA:63,1
DA:64,1
DA:65,1
DA:66,1
DA:67,1
DA:68,1
DA:69,1
DA:70,1
DA:71,1
DA:72,0
DA:73,0
DA:74,0
DA:75,1
DA:76,1
DA:77,1
DA:78,1
DA:79,1
DA:80,1
DA:81,1
DA:82,1
DA:83,1
DA:84,1
DA:85,1
DA:86,1
DA:87,1
DA:88,1
DA:89,1
DA:90,1
DA:91,1
DA:92,1
DA:93,1
LF:93
LH:90
BRDA:1,0,0,1
BRDA:5,1,0,0
BRDA:7,2,0,14
BRDA:14,3,0,4
BRDA:14,4,0,4
BRDA:14,5,0,4
BRDA:15,6,0,10
BRDA:15,7,0,9
BRDA:15,8,0,1
BRDA:16,9,0,9
BRDA:20,10,0,1
BRDA:21,11,0,8
BRDA:22,12,0,1
BRDA:23,13,0,7
BRDA:24,14,0,2
BRDA:25,15,0,7
BRDA:26,16,0,2
BRDA:27,17,0,7
BRDA:28,18,0,1
BRDA:29,19,0,7
BRDA:35,20,0,0
BRDA:35,21,0,7
BRDA:38,22,0,7
BRDA:39,23,0,1
BRDA:35,24,0,21
BRDA:42,25,0,2
BRDA:43,26,0,1
BRDA:48,27,0,3
BRDA:48,28,0,3
BRDA:52,29,0,2
BRDA:52,30,0,1
BRDA:53,31,0,0
BRDA:60,32,0,1
BRDA:60,33,0,1
BRDA:71,34,0,0
BRDA:77,35,0,0
BRDA:79,36,0,1
BRDA:82,37,0,1
BRF:38
BRH:33
end_of_record
TN:
SF:src/main/js/parse.js
FN:3,parse
FN:8,parseGitref
FN:26,parseArchiveref
FN:45,parseLocalref
FNF:4
FNH:4
FNDA:29,parse
FNDA:29,parseGitref
FNDA:20,parseArchiveref
FNDA:14,parseLocalref
DA:1,1
DA:2,1
DA:3,1
DA:4,29
DA:5,29
DA:6,14
DA:7,1
DA:8,1
DA:9,29
DA:10,29
DA:11,29
DA:12,9
DA:13,9
DA:14,9
DA:15,9
DA:16,9
DA:17,9
DA:18,9
DA:19,9
DA:20,9
DA:21,9
DA:22,9
DA:23,9
DA:24,29
DA:25,1
DA:26,1
DA:27,20
DA:28,20
DA:29,20
DA:30,6
DA:31,6
DA:32,6
DA:33,6
DA:34,6
DA:35,6
DA:36,6
DA:37,6
DA:38,6
DA:39,6
DA:40,6
DA:41,6
DA:42,6
DA:43,20
DA:44,1
DA:45,1
DA:46,14
DA:47,14
DA:48,14
DA:49,14
DA:50,14
LF:50
LH:50
BRDA:1,0,0,1
BRDA:3,1,0,29
BRDA:4,2,0,20
BRDA:5,3,0,14
BRDA:8,4,0,29
BRDA:11,5,0,9
BRDA:26,6,0,20
BRDA:29,7,0,6
BRDA:31,8,0,2
BRDA:31,9,0,4
BRDA:35,10,0,4
BRDA:35,11,0,4
BRDA:35,12,0,2
BRDA:45,13,0,14
BRDA:47,14,0,2
BRDA:47,15,0,12
BRF:16
BRH:16
end_of_record
