TN:
SF:src/main/js/index.js
FN:7,copy
FN:29,_copy.debug
FN:36,parseArgs
FN:54,unpackArchive
FN:60,gitFetch
FN:72,gitPush
FN:91,download
FNF:7
FNH:7
FNDA:10,copy
FNDA:21,_copy.debug
FNDA:14,parseArgs
FNDA:2,unpackArchive
FNDA:3,gitFetch
FNDA:1,gitPush
FNDA:1,download
DA:1,1
DA:2,1
DA:3,1
DA:4,1
DA:5,1
DA:6,1
DA:7,1
DA:8,10
DA:9,10
DA:10,10
DA:11,10
DA:12,10
DA:13,10
DA:14,10
DA:15,10
DA:16,10
DA:17,7
DA:18,10
DA:19,7
DA:20,10
DA:21,7
DA:22,10
DA:23,7
DA:24,7
DA:25,7
DA:26,7
DA:27,7
DA:28,7
DA:29,10
DA:30,10
DA:31,10
DA:32,7
DA:33,10
DA:34,10
DA:35,1
DA:36,1
DA:37,14
DA:38,14
DA:39,14
DA:40,14
DA:41,14
DA:42,14
DA:43,14
DA:44,14
DA:45,9
DA:46,9
DA:47,9
DA:48,9
DA:49,14
DA:50,8
DA:51,8
DA:52,14
DA:53,1
DA:54,1
DA:55,2
DA:56,2
DA:57,2
DA:58,2
DA:59,1
DA:60,1
DA:61,3
DA:62,3
DA:63,3
DA:64,3
DA:65,1
DA:66,1
DA:67,1
DA:68,1
DA:69,1
DA:70,3
DA:71,1
DA:72,1
DA:73,1
DA:74,1
DA:75,1
DA:76,1
DA:77,1
DA:78,1
DA:79,1
DA:80,1
DA:81,1
DA:82,1
DA:83,1
DA:84,0
DA:85,0
DA:86,0
DA:87,1
DA:88,1
DA:89,1
DA:90,1
DA:91,1
DA:92,1
DA:93,1
DA:94,1
DA:95,1
DA:96,1
DA:97,1
DA:98,1
DA:99,1
DA:100,1
DA:101,1
DA:102,1
DA:103,1
DA:104,1
DA:105,1
LF:105
LH:102
BRDA:1,0,0,1
BRDA:5,1,0,0
BRDA:7,2,0,10
BRDA:16,3,0,1
BRDA:17,4,0,7
BRDA:18,5,0,2
BRDA:19,6,0,7
BRDA:20,7,0,2
BRDA:21,8,0,7
BRDA:22,9,0,1
BRDA:23,10,0,7
BRDA:29,11,0,0
BRDA:29,12,0,7
BRDA:32,13,0,7
BRDA:33,14,0,1
BRDA:29,15,0,21
BRDA:36,16,0,14
BRDA:43,17,0,4
BRDA:43,18,0,4
BRDA:43,19,0,4
BRDA:44,20,0,10
BRDA:44,21,0,9
BRDA:44,22,0,1
BRDA:45,23,0,9
BRDA:49,24,0,1
BRDA:50,25,0,8
BRDA:54,26,0,2
BRDA:55,27,0,1
BRDA:60,28,0,3
BRDA:60,29,0,3
BRDA:64,30,0,2
BRDA:64,31,0,1
BRDA:65,32,0,0
BRDA:72,33,0,1
BRDA:72,34,0,1
BRDA:83,35,0,0
BRDA:89,36,0,0
BRDA:91,37,0,1
BRDA:94,38,0,1
BRF:39
BRH:34
end_of_record
TN:
SF:src/main/js/parse.js
FN:3,parse
FN:8,parseGitRef
FN:26,parseArchiveRef
FN:44,parseLocalRef
FNF:4
FNH:4
FNDA:29,parse
FNDA:29,parseGitRef
FNDA:20,parseArchiveRef
FNDA:14,parseLocalRef
DA:1,1
DA:2,1
DA:3,1
DA:4,29
DA:5,29
DA:6,14
DA:7,1
DA:8,1
DA:9,29
DA:10,29
DA:11,29
DA:12,9
DA:13,9
DA:14,9
DA:15,9
DA:16,9
DA:17,9
DA:18,9
DA:19,9
DA:20,9
DA:21,9
DA:22,9
DA:23,9
DA:24,29
DA:25,1
DA:26,1
DA:27,20
DA:28,20
DA:29,20
DA:30,20
DA:31,20
DA:32,6
DA:33,6
DA:34,6
DA:35,20
DA:36,20
DA:37,20
DA:38,20
DA:39,20
DA:40,20
DA:41,20
DA:42,20
DA:43,1
DA:44,1
DA:45,14
DA:46,14
DA:47,14
DA:48,14
DA:49,14
LF:49
LH:49
BRDA:1,0,0,1
BRDA:3,1,0,29
BRDA:4,2,0,20
BRDA:5,3,0,14
BRDA:8,4,0,29
BRDA:11,5,0,9
BRDA:26,6,0,20
BRDA:28,7,0,14
BRDA:29,8,0,2
BRDA:29,9,0,18
BRDA:31,10,0,14
BRDA:32,11,0,6
BRDA:35,12,0,4
BRDA:35,13,0,4
BRDA:35,14,0,2
BRDA:44,15,0,14
BRDA:46,16,0,2
BRDA:46,17,0,12
BRF:18
BRH:18
end_of_record
